E:\VS2010\AVOIDOPTFLOW\AVOIDOPTFLOW\DEBUG\AVOIDOPTFLOW.EXE.EMBED.MANIFEST
E:\VS2010\AVOIDOPTFLOW\AVOIDOPTFLOW\DEBUG\AVOIDOPTFLOW.EXE.EMBED.MANIFEST.RES
E:\VS2010\AVOIDOPTFLOW\AVOIDOPTFLOW\DEBUG\AVOIDOPTFLOW.EXE.INTERMEDIATE.MANIFEST
E:\VS2010\AVOIDOPTFLOW\AVOIDOPTFLOW\DEBUG\AVOIDOPTFLOW.OBJ
E:\VS2010\AVOIDOPTFLOW\AVOIDOPTFLOW\DEBUG\AVOIDOPTFLOW.PCH
E:\vs2010\avoidOptflow\avoidOptflow\Debug\avoidOptflow_manifest.rc
E:\vs2010\avoidOptflow\avoidOptflow\Debug\cl.command.1.tlog
E:\vs2010\avoidOptflow\avoidOptflow\Debug\CL.read.1.tlog
E:\vs2010\avoidOptflow\avoidOptflow\Debug\CL.write.1.tlog
E:\vs2010\avoidOptflow\avoidOptflow\Debug\link.7100.read.1.tlog
E:\vs2010\avoidOptflow\avoidOptflow\Debug\link.7100.write.1.tlog
E:\vs2010\avoidOptflow\avoidOptflow\Debug\link.7100-cvtres.read.1.tlog
E:\vs2010\avoidOptflow\avoidOptflow\Debug\link.7100-cvtres.write.1.tlog
E:\vs2010\avoidOptflow\avoidOptflow\Debug\link.command.1.tlog
E:\vs2010\avoidOptflow\avoidOptflow\Debug\link.read.1.tlog
E:\vs2010\avoidOptflow\avoidOptflow\Debug\link.write.1.tlog
E:\vs2010\avoidOptflow\avoidOptflow\Debug\link-cvtres.read.1.tlog
E:\vs2010\avoidOptflow\avoidOptflow\Debug\link-cvtres.write.1.tlog
E:\vs2010\avoidOptflow\avoidOptflow\Debug\mt.command.1.tlog
E:\vs2010\avoidOptflow\avoidOptflow\Debug\mt.read.1.tlog
E:\vs2010\avoidOptflow\avoidOptflow\Debug\mt.write.1.tlog
E:\VS2010\AVOIDOPTFLOW\AVOIDOPTFLOW\DEBUG\OPTFLOWUTIL.OBJ
E:\vs2010\avoidOptflow\avoidOptflow\Debug\rc.command.1.tlog
E:\vs2010\avoidOptflow\avoidOptflow\Debug\rc.read.1.tlog
E:\vs2010\avoidOptflow\avoidOptflow\Debug\rc.write.1.tlog
E:\VS2010\AVOIDOPTFLOW\AVOIDOPTFLOW\DEBUG\STDAFX.OBJ
E:\vs2010\avoidOptflow\avoidOptflow\Debug\vc100.idb
E:\VS2010\AVOIDOPTFLOW\AVOIDOPTFLOW\DEBUG\VC100.PDB
E:\VS2010\AVOIDOPTFLOW\DEBUG\AVOIDOPTFLOW.EXE
E:\VS2010\AVOIDOPTFLOW\DEBUG\AVOIDOPTFLOW.ILK
E:\VS2010\AVOIDOPTFLOW\DEBUG\AVOIDOPTFLOW.PDB
